<?xml version="1.0" encoding="UTF-8"?>
<testsuite xmlns:xsi="http://www.w3.org/2001/XMLSchema-instance" xsi:noNamespaceSchemaLocation="https://maven.apache.org/surefire/maven-surefire-plugin/xsd/surefire-test-report-3.0.xsd" version="3.0" name="com.hkjava.bootcamp.BeforeAllAfterAllTest" time="0.002" tests="2" errors="0" skipped="0" failures="0">
  <properties>
[...]
</properties>
  <testcase name="test" classname="com.hkjava.bootcamp.BeforeAllAfterAllTest" time="0.0">
    <system-out><![CDATA[beforeAll start x=
test x=1
]]></system-out>
  </testcase>
  <testcase name="test2" classname="com.hkjava.bootcamp.BeforeAllAfterAllTest" time="0.0">
    <system-out><![CDATA[test2 x=2
]]></system-out>
  </testcase>
</testsuite>